#
# A fatal error has been detected by the Java Runtime Environment:
#
#  SIGBUS (0x7) at pc=0x00007f2b5db19ce6, pid=3554, tid=139824235562752
#
# JRE version: 6.0_31-b04
# Java VM: Java HotSpot(TM) 64-Bit Server VM (20.6-b01 mixed mode linux-amd64 compressed oops)
# Problematic frame:
# 
[error occurred during error reporting (printing problematic frame), id 0x7]

# If you would like to submit a bug report, please visit:
#   http://java.sun.com/webapps/bugreport/crash.jsp
# The crash happened outside the Java Virtual Machine in native code.
# See problematic frame for where to report the bug.
#

---------------  T H R E A D  ---------------

Current thread (0x00007f2ba01ef000):  JavaThread "AWT-EventQueue-0" [_thread_in_native, id=3579, stack(0x00007f2b5dd44000,0x00007f2b5de45000)]

siginfo:si_signo=SIGBUS: si_errno=0, si_code=2 (BUS_ADRERR), si_addr=0x00007f2b5dd41da8

Registers:
RAX=0x00007f2b5db19cd0, RBX=0x00007f2b4ce09700, RCX=0x0000000000000006, RDX=0x00007f2b4ce09700
RSP=0x00007f2b5de42810, RBP=0x00007f2b5de428f0, RSI=0x00007f2b5de42938, RDI=0x00007f2ba01ef1d0
R8 =0x0000000000000002, R9 =0x00007f2ba6cc2e78, R10=0x00007f2b9d010d41, R11=0x00007f2ba69ae270
R12=0x0000000000000000, R13=0x00000000bfbca6b8, R14=0x00007f2b5de42938, R15=0x00007f2ba01ef000
RIP=0x00007f2b5db19ce6, EFLAGS=0x0000000000010202, CSGSFS=0x0000000000000033, ERR=0x0000000000000004
  TRAPNO=0x000000000000000e

Top of Stack: (sp=0x00007f2b5de42810)
0x00007f2b5de42810:   00007f2b5de42828 00007f2b5de42888
0x00007f2b5de42820:   00007f2b9d005929 00007f2bbf087811
0x00007f2b5de42830:   00000000c31b8240 00007f2bc2a895ea
0x00007f2b5de42840:   00007f2b5de42840 00000000bf986820
0x00007f2b5de42850:   00007f2b5de42898 00000000bf988998
0x00007f2b5de42860:   00000000bfbca6b8 00007f2b5de428f0
0x00007f2b5de42870:   0000000000000000 00007f2b9d010d6e
0x00007f2b5de42880:   00007f2b5de428e8 00007f2b9d0059f8
0x00007f2b5de42890:   00000000ee19d6a8 00000000ec46d060
0x00007f2b5de428a0:   00000000ec46d298 00007f2b5de428a8
0x00007f2b5de428b0:   00007f2b5de428b0 0000000000000000
0x00007f2b5de428c0:   00007f2b5de42938 00000000bfbdd920
0x00007f2b5de428d0:   0000000000000000 00000000bfbca6b8
0x00007f2b5de428e0:   0000000000000000 00007f2b5de42910
0x00007f2b5de428f0:   00007f2b5de42980 00007f2b9d005a82
0x00007f2b5de42900:   0000000000000000 00007f2b9d00df58
0x00007f2b5de42910:   0000000000000002 0000000000000006
0x00007f2b5de42920:   000000003c89a31d 00007f2b4ce09700
0x00007f2b5de42930:   00007f2b5de42930 00000000ec40a4e0
0x00007f2b5de42940:   00007f2b5de42940 00000000bfbca5a8
0x00007f2b5de42950:   00007f2b5de429a8 00000000bfbdd920
0x00007f2b5de42960:   0000000000000000 00000000bfbca5e8
0x00007f2b5de42970:   00007f2b5de42910 00007f2b5de42990
0x00007f2b5de42980:   00007f2b5de429f0 00007f2b9d005a82
0x00007f2b5de42990:   0000000000000002 0000000000000006
0x00007f2b5de429a0:   000000003c89a31d 00000000ec40a4e0
0x00007f2b5de429b0:   00007f2b5de429b0 00000000bf97afb7
0x00007f2b5de429c0:   00007f2b5de42a00 00000000bf9807f0
0x00007f2b5de429d0:   0000000000000000 00000000bf97afd0
0x00007f2b5de429e0:   00007f2b5de42990 00007f2b5de42a00
0x00007f2b5de429f0:   00007f2b5de42a48 00007f2b9d005a82
0x00007f2b5de42a00:   00000000edf77590 00007f2b5de42a08 

Instructions: (pc=0x00007f2b5db19ce6)
0x00007f2b5db19cc6:   fc ff 0f 1f 84 00 00 00 00 00 48 89 5c 24 e8 48
0x00007f2b5db19cd6:   89 6c 24 f0 48 89 d3 4c 89 64 24 f8 48 83 ec 68
0x00007f2b5db19ce6:   48 8b 05 bb 80 22 00 48 89 74 24 40 48 89 74 24
0x00007f2b5db19cf6:   20 48 8d 74 24 30 48 89 7c 24 38 48 89 7c 24 18 

Register to memory mapping:

RAX=